[2025-04-29T12:54:14.493Z] [fetchFromNotion] ERROR: request to https://api.notion.com/v1/databases/1e1ce875399e807e85fbd8db0f513ee4/query failed, reason: read ECONNRESET
FetchError: request to https://api.notion.com/v1/databases/1e1ce875399e807e85fbd8db0f513ee4/query failed, reason: read ECONNRESET
    at ClientRequest.<anonymous> (/home/imran/dev_imran/portfolio-website/.next/server/chunks/ssr/node_modules_f51be90b._.js:3803:20)
    at ClientRequest.emit (node:events:519:28)
    at TLSSocket.socketErrorListener (node:_http_client:500:9)
    at TLSSocket.emit (node:events:519:28)
    at emitErrorNT (node:internal/streams/destroy:169:8)
    at emitErrorCloseNT (node:internal/streams/destroy:128:3)
    at process.processTicksAndRejections (node:internal/process/task_queues:82:21)

[2025-04-29T12:54:14.518Z] [fetchFromNotion] ERROR: request to https://api.notion.com/v1/databases/1e1ce875399e8019ada8d282a7869a83/query failed, reason: read ECONNRESET
FetchError: request to https://api.notion.com/v1/databases/1e1ce875399e8019ada8d282a7869a83/query failed, reason: read ECONNRESET
    at ClientRequest.<anonymous> (/home/imran/dev_imran/portfolio-website/.next/server/chunks/ssr/node_modules_f51be90b._.js:3803:20)
    at ClientRequest.emit (node:events:519:28)
    at TLSSocket.socketErrorListener (node:_http_client:500:9)
    at TLSSocket.emit (node:events:519:28)
    at emitErrorNT (node:internal/streams/destroy:169:8)
    at emitErrorCloseNT (node:internal/streams/destroy:128:3)
    at process.processTicksAndRejections (node:internal/process/task_queues:82:21)

[2025-04-29T12:54:14.519Z] [fetchFromNotion] ERROR: request to https://api.notion.com/v1/databases/1e1ce875399e80838de9ccfd61b0da1c/query failed, reason: read ECONNRESET
FetchError: request to https://api.notion.com/v1/databases/1e1ce875399e80838de9ccfd61b0da1c/query failed, reason: read ECONNRESET
    at ClientRequest.<anonymous> (/home/imran/dev_imran/portfolio-website/.next/server/chunks/ssr/node_modules_f51be90b._.js:3803:20)
    at ClientRequest.emit (node:events:519:28)
    at TLSSocket.socketErrorListener (node:_http_client:500:9)
    at TLSSocket.emit (node:events:519:28)
    at emitErrorNT (node:internal/streams/destroy:169:8)
    at emitErrorCloseNT (node:internal/streams/destroy:128:3)
    at process.processTicksAndRejections (node:internal/process/task_queues:82:21)

[2025-04-29T12:54:14.521Z] [fetchFromNotion] ERROR: request to https://api.notion.com/v1/databases/1e1ce875399e80eda452cd1fa6d7bd16/query failed, reason: read ECONNRESET
FetchError: request to https://api.notion.com/v1/databases/1e1ce875399e80eda452cd1fa6d7bd16/query failed, reason: read ECONNRESET
    at ClientRequest.<anonymous> (/home/imran/dev_imran/portfolio-website/.next/server/chunks/ssr/node_modules_f51be90b._.js:3803:20)
    at ClientRequest.emit (node:events:519:28)
    at TLSSocket.socketErrorListener (node:_http_client:500:9)
    at TLSSocket.emit (node:events:519:28)
    at emitErrorNT (node:internal/streams/destroy:169:8)
    at emitErrorCloseNT (node:internal/streams/destroy:128:3)
    at process.processTicksAndRejections (node:internal/process/task_queues:82:21)

[2025-04-29T12:54:14.526Z] [fetchFromNotion] ERROR: request to https://api.notion.com/v1/databases/1e1ce875399e80d7a69ada07c1e60470/query failed, reason: read ECONNRESET
FetchError: request to https://api.notion.com/v1/databases/1e1ce875399e80d7a69ada07c1e60470/query failed, reason: read ECONNRESET
    at ClientRequest.<anonymous> (/home/imran/dev_imran/portfolio-website/.next/server/chunks/ssr/node_modules_f51be90b._.js:3803:20)
    at ClientRequest.emit (node:events:519:28)
    at TLSSocket.socketErrorListener (node:_http_client:500:9)
    at TLSSocket.emit (node:events:519:28)
    at emitErrorNT (node:internal/streams/destroy:169:8)
    at emitErrorCloseNT (node:internal/streams/destroy:128:3)
    at process.processTicksAndRejections (node:internal/process/task_queues:82:21)

[2025-04-29T12:54:15.070Z] [fetchFromNotion] ERROR: request to https://api.notion.com/v1/databases/1e1ce875399e8021852beb6b048c3f5f/query failed, reason: read ECONNRESET
FetchError: request to https://api.notion.com/v1/databases/1e1ce875399e8021852beb6b048c3f5f/query failed, reason: read ECONNRESET
    at ClientRequest.<anonymous> (/home/imran/dev_imran/portfolio-website/.next/server/chunks/ssr/node_modules_f51be90b._.js:3803:20)
    at ClientRequest.emit (node:events:519:28)
    at TLSSocket.socketErrorListener (node:_http_client:500:9)
    at TLSSocket.emit (node:events:519:28)
    at emitErrorNT (node:internal/streams/destroy:169:8)
    at emitErrorCloseNT (node:internal/streams/destroy:128:3)
    at process.processTicksAndRejections (node:internal/process/task_queues:82:21)

[2025-04-29T12:54:52.994Z] [fetchFromNotion] ERROR: request to https://api.notion.com/v1/databases/1e1ce875399e8021852beb6b048c3f5f/query failed, reason: unable to verify the first certificate
FetchError: request to https://api.notion.com/v1/databases/1e1ce875399e8021852beb6b048c3f5f/query failed, reason: unable to verify the first certificate
    at ClientRequest.<anonymous> (/home/imran/dev_imran/portfolio-website/.next/server/chunks/ssr/node_modules_f51be90b._.js:3803:20)
    at ClientRequest.emit (node:events:519:28)
    at TLSSocket.socketErrorListener (node:_http_client:500:9)
    at TLSSocket.emit (node:events:519:28)
    at emitErrorNT (node:internal/streams/destroy:169:8)
    at emitErrorCloseNT (node:internal/streams/destroy:128:3)
    at process.processTicksAndRejections (node:internal/process/task_queues:82:21)

[2025-04-29T12:55:28.991Z] [fetchFromNotion] ERROR: request to https://api.notion.com/v1/databases/1e1ce875399e8021852beb6b048c3f5f/query failed, reason: unable to verify the first certificate
FetchError: request to https://api.notion.com/v1/databases/1e1ce875399e8021852beb6b048c3f5f/query failed, reason: unable to verify the first certificate
    at ClientRequest.<anonymous> (/home/imran/dev_imran/portfolio-website/.next/server/chunks/ssr/node_modules_f51be90b._.js:3803:20)
    at ClientRequest.emit (node:events:519:28)
    at TLSSocket.socketErrorListener (node:_http_client:500:9)
    at TLSSocket.emit (node:events:519:28)
    at emitErrorNT (node:internal/streams/destroy:169:8)
    at emitErrorCloseNT (node:internal/streams/destroy:128:3)
    at process.processTicksAndRejections (node:internal/process/task_queues:82:21)

[2025-04-29T12:56:33.656Z] [fetchFromNotion] ERROR: request to https://api.notion.com/v1/databases/1e1ce875399e8021852beb6b048c3f5f/query failed, reason: unable to verify the first certificate
FetchError: request to https://api.notion.com/v1/databases/1e1ce875399e8021852beb6b048c3f5f/query failed, reason: unable to verify the first certificate
    at ClientRequest.<anonymous> (/home/imran/dev_imran/portfolio-website/.next/server/chunks/ssr/node_modules_f51be90b._.js:3803:20)
    at ClientRequest.emit (node:events:519:28)
    at TLSSocket.socketErrorListener (node:_http_client:500:9)
    at TLSSocket.emit (node:events:519:28)
    at emitErrorNT (node:internal/streams/destroy:169:8)
    at emitErrorCloseNT (node:internal/streams/destroy:128:3)
    at process.processTicksAndRejections (node:internal/process/task_queues:82:21)

[2025-04-29T12:56:40.351Z] [fetchFromNotion] ERROR: request to https://api.notion.com/v1/databases/1e1ce875399e8021852beb6b048c3f5f/query failed, reason: unable to verify the first certificate
FetchError: request to https://api.notion.com/v1/databases/1e1ce875399e8021852beb6b048c3f5f/query failed, reason: unable to verify the first certificate
    at ClientRequest.<anonymous> (/home/imran/dev_imran/portfolio-website/.next/server/chunks/ssr/node_modules_f51be90b._.js:3803:20)
    at ClientRequest.emit (node:events:519:28)
    at TLSSocket.socketErrorListener (node:_http_client:500:9)
    at TLSSocket.emit (node:events:519:28)
    at emitErrorNT (node:internal/streams/destroy:169:8)
    at emitErrorCloseNT (node:internal/streams/destroy:128:3)
    at process.processTicksAndRejections (node:internal/process/task_queues:82:21)

[2025-04-29T12:57:44.756Z] [fetchFromNotion] ERROR: request to https://api.notion.com/v1/databases/1e1ce875399e8021852beb6b048c3f5f/query failed, reason: unable to verify the first certificate
FetchError: request to https://api.notion.com/v1/databases/1e1ce875399e8021852beb6b048c3f5f/query failed, reason: unable to verify the first certificate
    at ClientRequest.<anonymous> (/home/imran/dev_imran/portfolio-website/.next/server/chunks/ssr/node_modules_f51be90b._.js:3803:20)
    at ClientRequest.emit (node:events:519:28)
    at TLSSocket.socketErrorListener (node:_http_client:500:9)
    at TLSSocket.emit (node:events:519:28)
    at emitErrorNT (node:internal/streams/destroy:169:8)
    at emitErrorCloseNT (node:internal/streams/destroy:128:3)
    at process.processTicksAndRejections (node:internal/process/task_queues:82:21)

[2025-04-29T12:58:20.060Z] [fetchFromNotion] ERROR: request to https://api.notion.com/v1/databases/1e1ce875399e8021852beb6b048c3f5f/query failed, reason: unable to verify the first certificate
FetchError: request to https://api.notion.com/v1/databases/1e1ce875399e8021852beb6b048c3f5f/query failed, reason: unable to verify the first certificate
    at ClientRequest.<anonymous> (/home/imran/dev_imran/portfolio-website/.next/server/chunks/ssr/node_modules_f51be90b._.js:3803:20)
    at ClientRequest.emit (node:events:519:28)
    at TLSSocket.socketErrorListener (node:_http_client:500:9)
    at TLSSocket.emit (node:events:519:28)
    at emitErrorNT (node:internal/streams/destroy:169:8)
    at emitErrorCloseNT (node:internal/streams/destroy:128:3)
    at process.processTicksAndRejections (node:internal/process/task_queues:82:21)

[2025-04-29T12:58:45.040Z] [fetchFromNotion] ERROR: request to https://api.notion.com/v1/databases/1e1ce875399e8021852beb6b048c3f5f/query failed, reason: unable to verify the first certificate
FetchError: request to https://api.notion.com/v1/databases/1e1ce875399e8021852beb6b048c3f5f/query failed, reason: unable to verify the first certificate
    at ClientRequest.<anonymous> (/home/imran/dev_imran/portfolio-website/.next/server/chunks/ssr/node_modules_f51be90b._.js:3803:20)
    at ClientRequest.emit (node:events:519:28)
    at TLSSocket.socketErrorListener (node:_http_client:500:9)
    at TLSSocket.emit (node:events:519:28)
    at emitErrorNT (node:internal/streams/destroy:169:8)
    at emitErrorCloseNT (node:internal/streams/destroy:128:3)
    at process.processTicksAndRejections (node:internal/process/task_queues:82:21)

[2025-04-29T12:58:49.716Z] [fetchFromNotion] ERROR: request to https://api.notion.com/v1/databases/1e1ce875399e8021852beb6b048c3f5f/query failed, reason: unable to verify the first certificate
FetchError: request to https://api.notion.com/v1/databases/1e1ce875399e8021852beb6b048c3f5f/query failed, reason: unable to verify the first certificate
    at ClientRequest.<anonymous> (/home/imran/dev_imran/portfolio-website/.next/server/chunks/ssr/node_modules_f51be90b._.js:3803:20)
    at ClientRequest.emit (node:events:519:28)
    at TLSSocket.socketErrorListener (node:_http_client:500:9)
    at TLSSocket.emit (node:events:519:28)
    at emitErrorNT (node:internal/streams/destroy:169:8)
    at emitErrorCloseNT (node:internal/streams/destroy:128:3)
    at process.processTicksAndRejections (node:internal/process/task_queues:82:21)

[2025-04-29T12:59:07.338Z] [fetchFromNotion] ERROR: request to https://api.notion.com/v1/databases/1e1ce875399e8021852beb6b048c3f5f/query failed, reason: unable to verify the first certificate
FetchError: request to https://api.notion.com/v1/databases/1e1ce875399e8021852beb6b048c3f5f/query failed, reason: unable to verify the first certificate
    at ClientRequest.<anonymous> (/home/imran/dev_imran/portfolio-website/.next/server/chunks/ssr/node_modules_f51be90b._.js:3803:20)
    at ClientRequest.emit (node:events:519:28)
    at TLSSocket.socketErrorListener (node:_http_client:500:9)
    at TLSSocket.emit (node:events:519:28)
    at emitErrorNT (node:internal/streams/destroy:169:8)
    at emitErrorCloseNT (node:internal/streams/destroy:128:3)
    at process.processTicksAndRejections (node:internal/process/task_queues:82:21)

[2025-04-29T13:00:06.253Z] [fetchFromNotion] ERROR: request to https://api.notion.com/v1/databases/1e1ce875399e8021852beb6b048c3f5f/query failed, reason: unable to verify the first certificate
FetchError: request to https://api.notion.com/v1/databases/1e1ce875399e8021852beb6b048c3f5f/query failed, reason: unable to verify the first certificate
    at ClientRequest.<anonymous> (/home/imran/dev_imran/portfolio-website/.next/server/chunks/ssr/node_modules_f51be90b._.js:3803:20)
    at ClientRequest.emit (node:events:519:28)
    at TLSSocket.socketErrorListener (node:_http_client:500:9)
    at TLSSocket.emit (node:events:519:28)
    at emitErrorNT (node:internal/streams/destroy:169:8)
    at emitErrorCloseNT (node:internal/streams/destroy:128:3)
    at process.processTicksAndRejections (node:internal/process/task_queues:82:21)

[2025-04-29T13:00:08.203Z] [fetchFromNotion] ERROR: request to https://api.notion.com/v1/databases/1e1ce875399e8021852beb6b048c3f5f/query failed, reason: unable to verify the first certificate
FetchError: request to https://api.notion.com/v1/databases/1e1ce875399e8021852beb6b048c3f5f/query failed, reason: unable to verify the first certificate
    at ClientRequest.<anonymous> (/home/imran/dev_imran/portfolio-website/.next/server/chunks/ssr/node_modules_f51be90b._.js:3803:20)
    at ClientRequest.emit (node:events:519:28)
    at TLSSocket.socketErrorListener (node:_http_client:500:9)
    at TLSSocket.emit (node:events:519:28)
    at emitErrorNT (node:internal/streams/destroy:169:8)
    at emitErrorCloseNT (node:internal/streams/destroy:128:3)
    at process.processTicksAndRejections (node:internal/process/task_queues:82:21)

[2025-04-29T13:00:39.665Z] [fetchFromNotion] ERROR: request to https://api.notion.com/v1/databases/1e1ce875399e8021852beb6b048c3f5f/query failed, reason: unable to verify the first certificate
FetchError: request to https://api.notion.com/v1/databases/1e1ce875399e8021852beb6b048c3f5f/query failed, reason: unable to verify the first certificate
    at ClientRequest.<anonymous> (/home/imran/dev_imran/portfolio-website/.next/server/chunks/ssr/node_modules_f51be90b._.js:3803:20)
    at ClientRequest.emit (node:events:519:28)
    at TLSSocket.socketErrorListener (node:_http_client:500:9)
    at TLSSocket.emit (node:events:519:28)
    at emitErrorNT (node:internal/streams/destroy:169:8)
    at emitErrorCloseNT (node:internal/streams/destroy:128:3)
    at process.processTicksAndRejections (node:internal/process/task_queues:82:21)

[2025-04-29T13:00:54.157Z] [fetchFromNotion] ERROR: request to https://api.notion.com/v1/databases/1e1ce875399e8021852beb6b048c3f5f/query failed, reason: unable to verify the first certificate
FetchError: request to https://api.notion.com/v1/databases/1e1ce875399e8021852beb6b048c3f5f/query failed, reason: unable to verify the first certificate
    at ClientRequest.<anonymous> (/home/imran/dev_imran/portfolio-website/.next/server/chunks/ssr/node_modules_f51be90b._.js:3803:20)
    at ClientRequest.emit (node:events:519:28)
    at TLSSocket.socketErrorListener (node:_http_client:500:9)
    at TLSSocket.emit (node:events:519:28)
    at emitErrorNT (node:internal/streams/destroy:169:8)
    at emitErrorCloseNT (node:internal/streams/destroy:128:3)
    at process.processTicksAndRejections (node:internal/process/task_queues:82:21)

[2025-04-29T13:01:11.418Z] [fetchFromNotion] ERROR: request to https://api.notion.com/v1/databases/1e1ce875399e8021852beb6b048c3f5f/query failed, reason: unable to verify the first certificate
FetchError: request to https://api.notion.com/v1/databases/1e1ce875399e8021852beb6b048c3f5f/query failed, reason: unable to verify the first certificate
    at ClientRequest.<anonymous> (/home/imran/dev_imran/portfolio-website/.next/server/chunks/ssr/node_modules_f51be90b._.js:3803:20)
    at ClientRequest.emit (node:events:519:28)
    at TLSSocket.socketErrorListener (node:_http_client:500:9)
    at TLSSocket.emit (node:events:519:28)
    at emitErrorNT (node:internal/streams/destroy:169:8)
    at emitErrorCloseNT (node:internal/streams/destroy:128:3)
    at process.processTicksAndRejections (node:internal/process/task_queues:82:21)

[2025-04-29T13:02:44.876Z] [fetchFromNotion] ERROR: request to https://api.notion.com/v1/databases/1e1ce875399e8021852beb6b048c3f5f/query failed, reason: unable to verify the first certificate
FetchError: request to https://api.notion.com/v1/databases/1e1ce875399e8021852beb6b048c3f5f/query failed, reason: unable to verify the first certificate
    at ClientRequest.<anonymous> (/home/imran/dev_imran/portfolio-website/.next/server/chunks/ssr/node_modules_f51be90b._.js:3803:20)
    at ClientRequest.emit (node:events:519:28)
    at TLSSocket.socketErrorListener (node:_http_client:500:9)
    at TLSSocket.emit (node:events:519:28)
    at emitErrorNT (node:internal/streams/destroy:169:8)
    at emitErrorCloseNT (node:internal/streams/destroy:128:3)
    at process.processTicksAndRejections (node:internal/process/task_queues:82:21)

[2025-04-29T13:06:53.747Z] [fetchFromNotion] ERROR: request to https://api.notion.com/v1/databases/1e1ce875399e8021852beb6b048c3f5f/query failed, reason: unable to verify the first certificate
FetchError: request to https://api.notion.com/v1/databases/1e1ce875399e8021852beb6b048c3f5f/query failed, reason: unable to verify the first certificate
    at ClientRequest.<anonymous> (/home/imran/dev_imran/portfolio-website/.next/server/chunks/ssr/node_modules_f51be90b._.js:3803:20)
    at ClientRequest.emit (node:events:519:28)
    at TLSSocket.socketErrorListener (node:_http_client:500:9)
    at TLSSocket.emit (node:events:519:28)
    at emitErrorNT (node:internal/streams/destroy:169:8)
    at emitErrorCloseNT (node:internal/streams/destroy:128:3)
    at process.processTicksAndRejections (node:internal/process/task_queues:82:21)

[2025-04-29T13:06:53.754Z] [fetchFromNotion] ERROR: request to https://api.notion.com/v1/databases/1e1ce875399e80838de9ccfd61b0da1c/query failed, reason: unable to verify the first certificate
FetchError: request to https://api.notion.com/v1/databases/1e1ce875399e80838de9ccfd61b0da1c/query failed, reason: unable to verify the first certificate
    at ClientRequest.<anonymous> (/home/imran/dev_imran/portfolio-website/.next/server/chunks/ssr/node_modules_f51be90b._.js:3803:20)
    at ClientRequest.emit (node:events:519:28)
    at TLSSocket.socketErrorListener (node:_http_client:500:9)
    at TLSSocket.emit (node:events:519:28)
    at emitErrorNT (node:internal/streams/destroy:169:8)
    at emitErrorCloseNT (node:internal/streams/destroy:128:3)
    at process.processTicksAndRejections (node:internal/process/task_queues:82:21)

[2025-04-29T13:07:21.974Z] [fetchFromNotion] ERROR: request to https://api.notion.com/v1/databases/1e1ce875399e8021852beb6b048c3f5f/query failed, reason: unable to verify the first certificate
FetchError: request to https://api.notion.com/v1/databases/1e1ce875399e8021852beb6b048c3f5f/query failed, reason: unable to verify the first certificate
    at ClientRequest.<anonymous> (/home/imran/dev_imran/portfolio-website/.next/server/chunks/ssr/node_modules_f51be90b._.js:3803:20)
    at ClientRequest.emit (node:events:519:28)
    at TLSSocket.socketErrorListener (node:_http_client:500:9)
    at TLSSocket.emit (node:events:519:28)
    at emitErrorNT (node:internal/streams/destroy:169:8)
    at emitErrorCloseNT (node:internal/streams/destroy:128:3)
    at process.processTicksAndRejections (node:internal/process/task_queues:82:21)

[2025-04-29T13:07:21.980Z] [fetchFromNotion] ERROR: request to https://api.notion.com/v1/databases/1e1ce875399e80838de9ccfd61b0da1c/query failed, reason: unable to verify the first certificate
FetchError: request to https://api.notion.com/v1/databases/1e1ce875399e80838de9ccfd61b0da1c/query failed, reason: unable to verify the first certificate
    at ClientRequest.<anonymous> (/home/imran/dev_imran/portfolio-website/.next/server/chunks/ssr/node_modules_f51be90b._.js:3803:20)
    at ClientRequest.emit (node:events:519:28)
    at TLSSocket.socketErrorListener (node:_http_client:500:9)
    at TLSSocket.emit (node:events:519:28)
    at emitErrorNT (node:internal/streams/destroy:169:8)
    at emitErrorCloseNT (node:internal/streams/destroy:128:3)
    at process.processTicksAndRejections (node:internal/process/task_queues:82:21)

[2025-04-29T13:07:35.466Z] [fetchFromNotion] ERROR: request to https://api.notion.com/v1/databases/1e1ce875399e80838de9ccfd61b0da1c/query failed, reason: unable to verify the first certificate
FetchError: request to https://api.notion.com/v1/databases/1e1ce875399e80838de9ccfd61b0da1c/query failed, reason: unable to verify the first certificate
    at ClientRequest.<anonymous> (/home/imran/dev_imran/portfolio-website/.next/server/chunks/ssr/node_modules_f51be90b._.js:3803:20)
    at ClientRequest.emit (node:events:519:28)
    at TLSSocket.socketErrorListener (node:_http_client:500:9)
    at TLSSocket.emit (node:events:519:28)
    at emitErrorNT (node:internal/streams/destroy:169:8)
    at emitErrorCloseNT (node:internal/streams/destroy:128:3)
    at process.processTicksAndRejections (node:internal/process/task_queues:82:21)

[2025-04-29T13:07:35.468Z] [fetchFromNotion] ERROR: request to https://api.notion.com/v1/databases/1e1ce875399e8021852beb6b048c3f5f/query failed, reason: unable to verify the first certificate
FetchError: request to https://api.notion.com/v1/databases/1e1ce875399e8021852beb6b048c3f5f/query failed, reason: unable to verify the first certificate
    at ClientRequest.<anonymous> (/home/imran/dev_imran/portfolio-website/.next/server/chunks/ssr/node_modules_f51be90b._.js:3803:20)
    at ClientRequest.emit (node:events:519:28)
    at TLSSocket.socketErrorListener (node:_http_client:500:9)
    at TLSSocket.emit (node:events:519:28)
    at emitErrorNT (node:internal/streams/destroy:169:8)
    at emitErrorCloseNT (node:internal/streams/destroy:128:3)
    at process.processTicksAndRejections (node:internal/process/task_queues:82:21)

[2025-04-29T13:07:49.198Z] [fetchFromNotion] ERROR: request to https://api.notion.com/v1/databases/1e1ce875399e8021852beb6b048c3f5f/query failed, reason: unable to verify the first certificate
FetchError: request to https://api.notion.com/v1/databases/1e1ce875399e8021852beb6b048c3f5f/query failed, reason: unable to verify the first certificate
    at ClientRequest.<anonymous> (/home/imran/dev_imran/portfolio-website/.next/server/chunks/ssr/node_modules_f51be90b._.js:3803:20)
    at ClientRequest.emit (node:events:519:28)
    at TLSSocket.socketErrorListener (node:_http_client:500:9)
    at TLSSocket.emit (node:events:519:28)
    at emitErrorNT (node:internal/streams/destroy:169:8)
    at emitErrorCloseNT (node:internal/streams/destroy:128:3)
    at process.processTicksAndRejections (node:internal/process/task_queues:82:21)

[2025-04-29T13:07:49.203Z] [fetchFromNotion] ERROR: request to https://api.notion.com/v1/databases/1e1ce875399e80838de9ccfd61b0da1c/query failed, reason: unable to verify the first certificate
FetchError: request to https://api.notion.com/v1/databases/1e1ce875399e80838de9ccfd61b0da1c/query failed, reason: unable to verify the first certificate
    at ClientRequest.<anonymous> (/home/imran/dev_imran/portfolio-website/.next/server/chunks/ssr/node_modules_f51be90b._.js:3803:20)
    at ClientRequest.emit (node:events:519:28)
    at TLSSocket.socketErrorListener (node:_http_client:500:9)
    at TLSSocket.emit (node:events:519:28)
    at emitErrorNT (node:internal/streams/destroy:169:8)
    at emitErrorCloseNT (node:internal/streams/destroy:128:3)
    at process.processTicksAndRejections (node:internal/process/task_queues:82:21)

[2025-04-29T13:08:20.980Z] [fetchFromNotion] ERROR: request to https://api.notion.com/v1/databases/1e1ce875399e8021852beb6b048c3f5f/query failed, reason: unable to verify the first certificate
FetchError: request to https://api.notion.com/v1/databases/1e1ce875399e8021852beb6b048c3f5f/query failed, reason: unable to verify the first certificate
    at ClientRequest.<anonymous> (/home/imran/dev_imran/portfolio-website/.next/server/chunks/ssr/node_modules_f51be90b._.js:3803:20)
    at ClientRequest.emit (node:events:519:28)
    at TLSSocket.socketErrorListener (node:_http_client:500:9)
    at TLSSocket.emit (node:events:519:28)
    at emitErrorNT (node:internal/streams/destroy:169:8)
    at emitErrorCloseNT (node:internal/streams/destroy:128:3)
    at process.processTicksAndRejections (node:internal/process/task_queues:82:21)

[2025-04-29T13:08:20.987Z] [fetchFromNotion] ERROR: request to https://api.notion.com/v1/databases/1e1ce875399e80838de9ccfd61b0da1c/query failed, reason: unable to verify the first certificate
FetchError: request to https://api.notion.com/v1/databases/1e1ce875399e80838de9ccfd61b0da1c/query failed, reason: unable to verify the first certificate
    at ClientRequest.<anonymous> (/home/imran/dev_imran/portfolio-website/.next/server/chunks/ssr/node_modules_f51be90b._.js:3803:20)
    at ClientRequest.emit (node:events:519:28)
    at TLSSocket.socketErrorListener (node:_http_client:500:9)
    at TLSSocket.emit (node:events:519:28)
    at emitErrorNT (node:internal/streams/destroy:169:8)
    at emitErrorCloseNT (node:internal/streams/destroy:128:3)
    at process.processTicksAndRejections (node:internal/process/task_queues:82:21)

[2025-04-29T13:08:22.847Z] [fetchFromNotion] ERROR: request to https://api.notion.com/v1/databases/1e1ce875399e8021852beb6b048c3f5f/query failed, reason: unable to verify the first certificate
FetchError: request to https://api.notion.com/v1/databases/1e1ce875399e8021852beb6b048c3f5f/query failed, reason: unable to verify the first certificate
    at ClientRequest.<anonymous> (/home/imran/dev_imran/portfolio-website/.next/server/chunks/ssr/node_modules_f51be90b._.js:3803:20)
    at ClientRequest.emit (node:events:519:28)
    at TLSSocket.socketErrorListener (node:_http_client:500:9)
    at TLSSocket.emit (node:events:519:28)
    at emitErrorNT (node:internal/streams/destroy:169:8)
    at emitErrorCloseNT (node:internal/streams/destroy:128:3)
    at process.processTicksAndRejections (node:internal/process/task_queues:82:21)

[2025-04-29T13:08:22.865Z] [fetchFromNotion] ERROR: request to https://api.notion.com/v1/databases/1e1ce875399e80838de9ccfd61b0da1c/query failed, reason: unable to verify the first certificate
FetchError: request to https://api.notion.com/v1/databases/1e1ce875399e80838de9ccfd61b0da1c/query failed, reason: unable to verify the first certificate
    at ClientRequest.<anonymous> (/home/imran/dev_imran/portfolio-website/.next/server/chunks/ssr/node_modules_f51be90b._.js:3803:20)
    at ClientRequest.emit (node:events:519:28)
    at TLSSocket.socketErrorListener (node:_http_client:500:9)
    at TLSSocket.emit (node:events:519:28)
    at emitErrorNT (node:internal/streams/destroy:169:8)
    at emitErrorCloseNT (node:internal/streams/destroy:128:3)
    at process.processTicksAndRejections (node:internal/process/task_queues:82:21)

[2025-04-29T13:09:08.973Z] [fetchFromNotion] ERROR: request to https://api.notion.com/v1/databases/1e1ce875399e80838de9ccfd61b0da1c/query failed, reason: unable to verify the first certificate
FetchError: request to https://api.notion.com/v1/databases/1e1ce875399e80838de9ccfd61b0da1c/query failed, reason: unable to verify the first certificate
    at ClientRequest.<anonymous> (/home/imran/dev_imran/portfolio-website/.next/server/chunks/ssr/node_modules_f51be90b._.js:3803:20)
    at ClientRequest.emit (node:events:519:28)
    at TLSSocket.socketErrorListener (node:_http_client:500:9)
    at TLSSocket.emit (node:events:519:28)
    at emitErrorNT (node:internal/streams/destroy:169:8)
    at emitErrorCloseNT (node:internal/streams/destroy:128:3)
    at process.processTicksAndRejections (node:internal/process/task_queues:82:21)

[2025-04-29T13:09:08.977Z] [fetchFromNotion] ERROR: request to https://api.notion.com/v1/databases/1e1ce875399e8021852beb6b048c3f5f/query failed, reason: unable to verify the first certificate
FetchError: request to https://api.notion.com/v1/databases/1e1ce875399e8021852beb6b048c3f5f/query failed, reason: unable to verify the first certificate
    at ClientRequest.<anonymous> (/home/imran/dev_imran/portfolio-website/.next/server/chunks/ssr/node_modules_f51be90b._.js:3803:20)
    at ClientRequest.emit (node:events:519:28)
    at TLSSocket.socketErrorListener (node:_http_client:500:9)
    at TLSSocket.emit (node:events:519:28)
    at emitErrorNT (node:internal/streams/destroy:169:8)
    at emitErrorCloseNT (node:internal/streams/destroy:128:3)
    at process.processTicksAndRejections (node:internal/process/task_queues:82:21)

[2025-04-29T16:20:57.896Z] [fetchFromNotion] ERROR: request to https://api.notion.com/v1/databases/1e1ce875399e80838de9ccfd61b0da1c/query failed, reason: getaddrinfo EAI_AGAIN api.notion.com
FetchError: request to https://api.notion.com/v1/databases/1e1ce875399e80838de9ccfd61b0da1c/query failed, reason: getaddrinfo EAI_AGAIN api.notion.com
    at ClientRequest.<anonymous> (/home/imran/dev_imran/portfolio-website/.next/server/chunks/ssr/node_modules_f51be90b._.js:3803:20)
    at ClientRequest.emit (node:events:519:28)
    at TLSSocket.socketErrorListener (node:_http_client:500:9)
    at TLSSocket.emit (node:events:519:28)
    at emitErrorNT (node:internal/streams/destroy:169:8)
    at emitErrorCloseNT (node:internal/streams/destroy:128:3)
    at process.processTicksAndRejections (node:internal/process/task_queues:82:21)

[2025-04-29T16:21:06.835Z] [fetchFromNotion] ERROR: request to https://api.notion.com/v1/databases/1e1ce875399e8021852beb6b048c3f5f/query failed, reason: getaddrinfo EAI_AGAIN api.notion.com
FetchError: request to https://api.notion.com/v1/databases/1e1ce875399e8021852beb6b048c3f5f/query failed, reason: getaddrinfo EAI_AGAIN api.notion.com
    at ClientRequest.<anonymous> (/home/imran/dev_imran/portfolio-website/.next/server/chunks/ssr/node_modules_f51be90b._.js:3803:20)
    at ClientRequest.emit (node:events:519:28)
    at TLSSocket.socketErrorListener (node:_http_client:500:9)
    at TLSSocket.emit (node:events:519:28)
    at emitErrorNT (node:internal/streams/destroy:169:8)
    at emitErrorCloseNT (node:internal/streams/destroy:128:3)
    at process.processTicksAndRejections (node:internal/process/task_queues:82:21)

[2025-04-29T16:21:22.640Z] [fetchFromNotion] ERROR: request to https://api.notion.com/v1/databases/1e1ce875399e80838de9ccfd61b0da1c/query failed, reason: getaddrinfo EAI_AGAIN api.notion.com
FetchError: request to https://api.notion.com/v1/databases/1e1ce875399e80838de9ccfd61b0da1c/query failed, reason: getaddrinfo EAI_AGAIN api.notion.com
    at ClientRequest.<anonymous> (/home/imran/dev_imran/portfolio-website/.next/server/chunks/ssr/node_modules_f51be90b._.js:3803:20)
    at ClientRequest.emit (node:events:519:28)
    at TLSSocket.socketErrorListener (node:_http_client:500:9)
    at TLSSocket.emit (node:events:519:28)
    at emitErrorNT (node:internal/streams/destroy:169:8)
    at emitErrorCloseNT (node:internal/streams/destroy:128:3)
    at process.processTicksAndRejections (node:internal/process/task_queues:82:21)

[2025-04-29T16:21:22.644Z] [fetchFromNotion] ERROR: request to https://api.notion.com/v1/databases/1e1ce875399e807e85fbd8db0f513ee4/query failed, reason: getaddrinfo EAI_AGAIN api.notion.com
FetchError: request to https://api.notion.com/v1/databases/1e1ce875399e807e85fbd8db0f513ee4/query failed, reason: getaddrinfo EAI_AGAIN api.notion.com
    at ClientRequest.<anonymous> (/home/imran/dev_imran/portfolio-website/.next/server/chunks/ssr/node_modules_f51be90b._.js:3803:20)
    at ClientRequest.emit (node:events:519:28)
    at TLSSocket.socketErrorListener (node:_http_client:500:9)
    at TLSSocket.emit (node:events:519:28)
    at emitErrorNT (node:internal/streams/destroy:169:8)
    at emitErrorCloseNT (node:internal/streams/destroy:128:3)
    at process.processTicksAndRejections (node:internal/process/task_queues:82:21)

[2025-04-29T16:21:32.651Z] [fetchFromNotion] ERROR: request to https://api.notion.com/v1/databases/1e1ce875399e8019ada8d282a7869a83/query failed, reason: getaddrinfo EAI_AGAIN api.notion.com
FetchError: request to https://api.notion.com/v1/databases/1e1ce875399e8019ada8d282a7869a83/query failed, reason: getaddrinfo EAI_AGAIN api.notion.com
    at ClientRequest.<anonymous> (/home/imran/dev_imran/portfolio-website/.next/server/chunks/ssr/node_modules_f51be90b._.js:3803:20)
    at ClientRequest.emit (node:events:519:28)
    at TLSSocket.socketErrorListener (node:_http_client:500:9)
    at TLSSocket.emit (node:events:519:28)
    at emitErrorNT (node:internal/streams/destroy:169:8)
    at emitErrorCloseNT (node:internal/streams/destroy:128:3)
    at process.processTicksAndRejections (node:internal/process/task_queues:82:21)

[2025-04-29T16:21:32.656Z] [fetchFromNotion] ERROR: request to https://api.notion.com/v1/databases/1e1ce875399e80eda452cd1fa6d7bd16/query failed, reason: getaddrinfo EAI_AGAIN api.notion.com
FetchError: request to https://api.notion.com/v1/databases/1e1ce875399e80eda452cd1fa6d7bd16/query failed, reason: getaddrinfo EAI_AGAIN api.notion.com
    at ClientRequest.<anonymous> (/home/imran/dev_imran/portfolio-website/.next/server/chunks/ssr/node_modules_f51be90b._.js:3803:20)
    at ClientRequest.emit (node:events:519:28)
    at TLSSocket.socketErrorListener (node:_http_client:500:9)
    at TLSSocket.emit (node:events:519:28)
    at emitErrorNT (node:internal/streams/destroy:169:8)
    at emitErrorCloseNT (node:internal/streams/destroy:128:3)
    at process.processTicksAndRejections (node:internal/process/task_queues:82:21)

[2025-04-29T16:21:42.658Z] [fetchFromNotion] ERROR: request to https://api.notion.com/v1/databases/1e1ce875399e80d7a69ada07c1e60470/query failed, reason: getaddrinfo EAI_AGAIN api.notion.com
FetchError: request to https://api.notion.com/v1/databases/1e1ce875399e80d7a69ada07c1e60470/query failed, reason: getaddrinfo EAI_AGAIN api.notion.com
    at ClientRequest.<anonymous> (/home/imran/dev_imran/portfolio-website/.next/server/chunks/ssr/node_modules_f51be90b._.js:3803:20)
    at ClientRequest.emit (node:events:519:28)
    at TLSSocket.socketErrorListener (node:_http_client:500:9)
    at TLSSocket.emit (node:events:519:28)
    at emitErrorNT (node:internal/streams/destroy:169:8)
    at emitErrorCloseNT (node:internal/streams/destroy:128:3)
    at process.processTicksAndRejections (node:internal/process/task_queues:82:21)

[2025-04-29T16:21:42.665Z] [fetchFromNotion] ERROR: request to https://api.notion.com/v1/databases/1e1ce875399e8021852beb6b048c3f5f/query failed, reason: getaddrinfo EAI_AGAIN api.notion.com
FetchError: request to https://api.notion.com/v1/databases/1e1ce875399e8021852beb6b048c3f5f/query failed, reason: getaddrinfo EAI_AGAIN api.notion.com
    at ClientRequest.<anonymous> (/home/imran/dev_imran/portfolio-website/.next/server/chunks/ssr/node_modules_f51be90b._.js:3803:20)
    at ClientRequest.emit (node:events:519:28)
    at TLSSocket.socketErrorListener (node:_http_client:500:9)
    at TLSSocket.emit (node:events:519:28)
    at emitErrorNT (node:internal/streams/destroy:169:8)
    at emitErrorCloseNT (node:internal/streams/destroy:128:3)
    at process.processTicksAndRejections (node:internal/process/task_queues:82:21)

[2025-04-29T16:21:52.670Z] [fetchFromNotion] ERROR: request to https://api.notion.com/v1/databases/1e1ce875399e80838de9ccfd61b0da1c/query failed, reason: getaddrinfo EAI_AGAIN api.notion.com
FetchError: request to https://api.notion.com/v1/databases/1e1ce875399e80838de9ccfd61b0da1c/query failed, reason: getaddrinfo EAI_AGAIN api.notion.com
    at ClientRequest.<anonymous> (/home/imran/dev_imran/portfolio-website/.next/server/chunks/ssr/node_modules_f51be90b._.js:3803:20)
    at ClientRequest.emit (node:events:519:28)
    at TLSSocket.socketErrorListener (node:_http_client:500:9)
    at TLSSocket.emit (node:events:519:28)
    at emitErrorNT (node:internal/streams/destroy:169:8)
    at emitErrorCloseNT (node:internal/streams/destroy:128:3)
    at process.processTicksAndRejections (node:internal/process/task_queues:82:21)

[2025-04-29T16:21:52.676Z] [fetchFromNotion] ERROR: request to https://api.notion.com/v1/databases/1e1ce875399e8019ada8d282a7869a83/query failed, reason: getaddrinfo EAI_AGAIN api.notion.com
FetchError: request to https://api.notion.com/v1/databases/1e1ce875399e8019ada8d282a7869a83/query failed, reason: getaddrinfo EAI_AGAIN api.notion.com
    at ClientRequest.<anonymous> (/home/imran/dev_imran/portfolio-website/.next/server/chunks/ssr/node_modules_f51be90b._.js:3803:20)
    at ClientRequest.emit (node:events:519:28)
    at TLSSocket.socketErrorListener (node:_http_client:500:9)
    at TLSSocket.emit (node:events:519:28)
    at emitErrorNT (node:internal/streams/destroy:169:8)
    at emitErrorCloseNT (node:internal/streams/destroy:128:3)
    at process.processTicksAndRejections (node:internal/process/task_queues:82:21)

[2025-04-29T16:22:02.679Z] [fetchFromNotion] ERROR: request to https://api.notion.com/v1/databases/1e1ce875399e80eda452cd1fa6d7bd16/query failed, reason: getaddrinfo EAI_AGAIN api.notion.com
FetchError: request to https://api.notion.com/v1/databases/1e1ce875399e80eda452cd1fa6d7bd16/query failed, reason: getaddrinfo EAI_AGAIN api.notion.com
    at ClientRequest.<anonymous> (/home/imran/dev_imran/portfolio-website/.next/server/chunks/ssr/node_modules_f51be90b._.js:3803:20)
    at ClientRequest.emit (node:events:519:28)
    at TLSSocket.socketErrorListener (node:_http_client:500:9)
    at TLSSocket.emit (node:events:519:28)
    at emitErrorNT (node:internal/streams/destroy:169:8)
    at emitErrorCloseNT (node:internal/streams/destroy:128:3)
    at process.processTicksAndRejections (node:internal/process/task_queues:82:21)

[2025-04-29T16:22:02.684Z] [fetchFromNotion] ERROR: request to https://api.notion.com/v1/databases/1e1ce875399e80d7a69ada07c1e60470/query failed, reason: getaddrinfo EAI_AGAIN api.notion.com
FetchError: request to https://api.notion.com/v1/databases/1e1ce875399e80d7a69ada07c1e60470/query failed, reason: getaddrinfo EAI_AGAIN api.notion.com
    at ClientRequest.<anonymous> (/home/imran/dev_imran/portfolio-website/.next/server/chunks/ssr/node_modules_f51be90b._.js:3803:20)
    at ClientRequest.emit (node:events:519:28)
    at TLSSocket.socketErrorListener (node:_http_client:500:9)
    at TLSSocket.emit (node:events:519:28)
    at emitErrorNT (node:internal/streams/destroy:169:8)
    at emitErrorCloseNT (node:internal/streams/destroy:128:3)
    at process.processTicksAndRejections (node:internal/process/task_queues:82:21)

[2025-04-29T16:22:12.689Z] [fetchFromNotion] ERROR: request to https://api.notion.com/v1/databases/1e1ce875399e8021852beb6b048c3f5f/query failed, reason: getaddrinfo EAI_AGAIN api.notion.com
FetchError: request to https://api.notion.com/v1/databases/1e1ce875399e8021852beb6b048c3f5f/query failed, reason: getaddrinfo EAI_AGAIN api.notion.com
    at ClientRequest.<anonymous> (/home/imran/dev_imran/portfolio-website/.next/server/chunks/ssr/node_modules_f51be90b._.js:3803:20)
    at ClientRequest.emit (node:events:519:28)
    at TLSSocket.socketErrorListener (node:_http_client:500:9)
    at TLSSocket.emit (node:events:519:28)
    at emitErrorNT (node:internal/streams/destroy:169:8)
    at emitErrorCloseNT (node:internal/streams/destroy:128:3)
    at process.processTicksAndRejections (node:internal/process/task_queues:82:21)

[2025-04-29T16:22:33.845Z] [fetchFromNotion] ERROR: request to https://api.notion.com/v1/databases/1e1ce875399e80838de9ccfd61b0da1c/query failed, reason: getaddrinfo EAI_AGAIN api.notion.com
FetchError: request to https://api.notion.com/v1/databases/1e1ce875399e80838de9ccfd61b0da1c/query failed, reason: getaddrinfo EAI_AGAIN api.notion.com
    at ClientRequest.<anonymous> (/home/imran/dev_imran/portfolio-website/.next/server/chunks/ssr/node_modules_f51be90b._.js:3803:20)
    at ClientRequest.emit (node:events:519:28)
    at TLSSocket.socketErrorListener (node:_http_client:500:9)
    at TLSSocket.emit (node:events:519:28)
    at emitErrorNT (node:internal/streams/destroy:169:8)
    at emitErrorCloseNT (node:internal/streams/destroy:128:3)
    at process.processTicksAndRejections (node:internal/process/task_queues:82:21)

[2025-04-29T16:22:33.855Z] [fetchFromNotion] ERROR: request to https://api.notion.com/v1/databases/1e1ce875399e8019ada8d282a7869a83/query failed, reason: getaddrinfo EAI_AGAIN api.notion.com
FetchError: request to https://api.notion.com/v1/databases/1e1ce875399e8019ada8d282a7869a83/query failed, reason: getaddrinfo EAI_AGAIN api.notion.com
    at ClientRequest.<anonymous> (/home/imran/dev_imran/portfolio-website/.next/server/chunks/ssr/node_modules_f51be90b._.js:3803:20)
    at ClientRequest.emit (node:events:519:28)
    at TLSSocket.socketErrorListener (node:_http_client:500:9)
    at TLSSocket.emit (node:events:519:28)
    at emitErrorNT (node:internal/streams/destroy:169:8)
    at emitErrorCloseNT (node:internal/streams/destroy:128:3)
    at process.processTicksAndRejections (node:internal/process/task_queues:82:21)

[2025-04-29T16:22:43.849Z] [fetchFromNotion] ERROR: request to https://api.notion.com/v1/databases/1e1ce875399e80eda452cd1fa6d7bd16/query failed, reason: getaddrinfo EAI_AGAIN api.notion.com
FetchError: request to https://api.notion.com/v1/databases/1e1ce875399e80eda452cd1fa6d7bd16/query failed, reason: getaddrinfo EAI_AGAIN api.notion.com
    at ClientRequest.<anonymous> (/home/imran/dev_imran/portfolio-website/.next/server/chunks/ssr/node_modules_f51be90b._.js:3803:20)
    at ClientRequest.emit (node:events:519:28)
    at TLSSocket.socketErrorListener (node:_http_client:500:9)
    at TLSSocket.emit (node:events:519:28)
    at emitErrorNT (node:internal/streams/destroy:169:8)
    at emitErrorCloseNT (node:internal/streams/destroy:128:3)
    at process.processTicksAndRejections (node:internal/process/task_queues:82:21)

[2025-04-29T16:22:43.858Z] [fetchFromNotion] ERROR: request to https://api.notion.com/v1/databases/1e1ce875399e80d7a69ada07c1e60470/query failed, reason: getaddrinfo EAI_AGAIN api.notion.com
FetchError: request to https://api.notion.com/v1/databases/1e1ce875399e80d7a69ada07c1e60470/query failed, reason: getaddrinfo EAI_AGAIN api.notion.com
    at ClientRequest.<anonymous> (/home/imran/dev_imran/portfolio-website/.next/server/chunks/ssr/node_modules_f51be90b._.js:3803:20)
    at ClientRequest.emit (node:events:519:28)
    at TLSSocket.socketErrorListener (node:_http_client:500:9)
    at TLSSocket.emit (node:events:519:28)
    at emitErrorNT (node:internal/streams/destroy:169:8)
    at emitErrorCloseNT (node:internal/streams/destroy:128:3)
    at process.processTicksAndRejections (node:internal/process/task_queues:82:21)

[2025-04-29T16:22:53.859Z] [fetchFromNotion] ERROR: request to https://api.notion.com/v1/databases/1e1ce875399e8021852beb6b048c3f5f/query failed, reason: getaddrinfo EAI_AGAIN api.notion.com
FetchError: request to https://api.notion.com/v1/databases/1e1ce875399e8021852beb6b048c3f5f/query failed, reason: getaddrinfo EAI_AGAIN api.notion.com
    at ClientRequest.<anonymous> (/home/imran/dev_imran/portfolio-website/.next/server/chunks/ssr/node_modules_f51be90b._.js:3803:20)
    at ClientRequest.emit (node:events:519:28)
    at TLSSocket.socketErrorListener (node:_http_client:500:9)
    at TLSSocket.emit (node:events:519:28)
    at emitErrorNT (node:internal/streams/destroy:169:8)
    at emitErrorCloseNT (node:internal/streams/destroy:128:3)
    at process.processTicksAndRejections (node:internal/process/task_queues:82:21)

[2025-04-29T16:22:53.869Z] [fetchFromNotion] ERROR: request to https://api.notion.com/v1/databases/1e1ce875399e80838de9ccfd61b0da1c/query failed, reason: getaddrinfo EAI_AGAIN api.notion.com
FetchError: request to https://api.notion.com/v1/databases/1e1ce875399e80838de9ccfd61b0da1c/query failed, reason: getaddrinfo EAI_AGAIN api.notion.com
    at ClientRequest.<anonymous> (/home/imran/dev_imran/portfolio-website/.next/server/chunks/ssr/node_modules_f51be90b._.js:3803:20)
    at ClientRequest.emit (node:events:519:28)
    at TLSSocket.socketErrorListener (node:_http_client:500:9)
    at TLSSocket.emit (node:events:519:28)
    at emitErrorNT (node:internal/streams/destroy:169:8)
    at emitErrorCloseNT (node:internal/streams/destroy:128:3)
    at process.processTicksAndRejections (node:internal/process/task_queues:82:21)

[2025-04-29T16:23:03.870Z] [fetchFromNotion] ERROR: request to https://api.notion.com/v1/databases/1e1ce875399e8019ada8d282a7869a83/query failed, reason: getaddrinfo EAI_AGAIN api.notion.com
FetchError: request to https://api.notion.com/v1/databases/1e1ce875399e8019ada8d282a7869a83/query failed, reason: getaddrinfo EAI_AGAIN api.notion.com
    at ClientRequest.<anonymous> (/home/imran/dev_imran/portfolio-website/.next/server/chunks/ssr/node_modules_f51be90b._.js:3803:20)
    at ClientRequest.emit (node:events:519:28)
    at TLSSocket.socketErrorListener (node:_http_client:500:9)
    at TLSSocket.emit (node:events:519:28)
    at emitErrorNT (node:internal/streams/destroy:169:8)
    at emitErrorCloseNT (node:internal/streams/destroy:128:3)
    at process.processTicksAndRejections (node:internal/process/task_queues:82:21)

[2025-04-29T16:23:03.878Z] [fetchFromNotion] ERROR: request to https://api.notion.com/v1/databases/1e1ce875399e80eda452cd1fa6d7bd16/query failed, reason: getaddrinfo EAI_AGAIN api.notion.com
FetchError: request to https://api.notion.com/v1/databases/1e1ce875399e80eda452cd1fa6d7bd16/query failed, reason: getaddrinfo EAI_AGAIN api.notion.com
    at ClientRequest.<anonymous> (/home/imran/dev_imran/portfolio-website/.next/server/chunks/ssr/node_modules_f51be90b._.js:3803:20)
    at ClientRequest.emit (node:events:519:28)
    at TLSSocket.socketErrorListener (node:_http_client:500:9)
    at TLSSocket.emit (node:events:519:28)
    at emitErrorNT (node:internal/streams/destroy:169:8)
    at emitErrorCloseNT (node:internal/streams/destroy:128:3)
    at process.processTicksAndRejections (node:internal/process/task_queues:82:21)

[2025-04-29T16:23:13.880Z] [fetchFromNotion] ERROR: request to https://api.notion.com/v1/databases/1e1ce875399e80d7a69ada07c1e60470/query failed, reason: getaddrinfo EAI_AGAIN api.notion.com
FetchError: request to https://api.notion.com/v1/databases/1e1ce875399e80d7a69ada07c1e60470/query failed, reason: getaddrinfo EAI_AGAIN api.notion.com
    at ClientRequest.<anonymous> (/home/imran/dev_imran/portfolio-website/.next/server/chunks/ssr/node_modules_f51be90b._.js:3803:20)
    at ClientRequest.emit (node:events:519:28)
    at TLSSocket.socketErrorListener (node:_http_client:500:9)
    at TLSSocket.emit (node:events:519:28)
    at emitErrorNT (node:internal/streams/destroy:169:8)
    at emitErrorCloseNT (node:internal/streams/destroy:128:3)
    at process.processTicksAndRejections (node:internal/process/task_queues:82:21)

[2025-04-29T16:23:13.884Z] [fetchFromNotion] ERROR: request to https://api.notion.com/v1/databases/1e1ce875399e8021852beb6b048c3f5f/query failed, reason: getaddrinfo EAI_AGAIN api.notion.com
FetchError: request to https://api.notion.com/v1/databases/1e1ce875399e8021852beb6b048c3f5f/query failed, reason: getaddrinfo EAI_AGAIN api.notion.com
    at ClientRequest.<anonymous> (/home/imran/dev_imran/portfolio-website/.next/server/chunks/ssr/node_modules_f51be90b._.js:3803:20)
    at ClientRequest.emit (node:events:519:28)
    at TLSSocket.socketErrorListener (node:_http_client:500:9)
    at TLSSocket.emit (node:events:519:28)
    at emitErrorNT (node:internal/streams/destroy:169:8)
    at emitErrorCloseNT (node:internal/streams/destroy:128:3)
    at process.processTicksAndRejections (node:internal/process/task_queues:82:21)

[2025-04-29T16:23:23.892Z] [fetchFromNotion] ERROR: request to https://api.notion.com/v1/databases/1e1ce875399e80838de9ccfd61b0da1c/query failed, reason: getaddrinfo EAI_AGAIN api.notion.com
FetchError: request to https://api.notion.com/v1/databases/1e1ce875399e80838de9ccfd61b0da1c/query failed, reason: getaddrinfo EAI_AGAIN api.notion.com
    at ClientRequest.<anonymous> (/home/imran/dev_imran/portfolio-website/.next/server/chunks/ssr/node_modules_f51be90b._.js:3803:20)
    at ClientRequest.emit (node:events:519:28)
    at TLSSocket.socketErrorListener (node:_http_client:500:9)
    at TLSSocket.emit (node:events:519:28)
    at emitErrorNT (node:internal/streams/destroy:169:8)
    at emitErrorCloseNT (node:internal/streams/destroy:128:3)
    at process.processTicksAndRejections (node:internal/process/task_queues:82:21)

[2025-04-29T16:23:23.898Z] [fetchFromNotion] ERROR: request to https://api.notion.com/v1/databases/1e1ce875399e8019ada8d282a7869a83/query failed, reason: getaddrinfo EAI_AGAIN api.notion.com
FetchError: request to https://api.notion.com/v1/databases/1e1ce875399e8019ada8d282a7869a83/query failed, reason: getaddrinfo EAI_AGAIN api.notion.com
    at ClientRequest.<anonymous> (/home/imran/dev_imran/portfolio-website/.next/server/chunks/ssr/node_modules_f51be90b._.js:3803:20)
    at ClientRequest.emit (node:events:519:28)
    at TLSSocket.socketErrorListener (node:_http_client:500:9)
    at TLSSocket.emit (node:events:519:28)
    at emitErrorNT (node:internal/streams/destroy:169:8)
    at emitErrorCloseNT (node:internal/streams/destroy:128:3)
    at process.processTicksAndRejections (node:internal/process/task_queues:82:21)

[2025-04-29T16:23:33.902Z] [fetchFromNotion] ERROR: request to https://api.notion.com/v1/databases/1e1ce875399e80d7a69ada07c1e60470/query failed, reason: getaddrinfo EAI_AGAIN api.notion.com
FetchError: request to https://api.notion.com/v1/databases/1e1ce875399e80d7a69ada07c1e60470/query failed, reason: getaddrinfo EAI_AGAIN api.notion.com
    at ClientRequest.<anonymous> (/home/imran/dev_imran/portfolio-website/.next/server/chunks/ssr/node_modules_f51be90b._.js:3803:20)
    at ClientRequest.emit (node:events:519:28)
    at TLSSocket.socketErrorListener (node:_http_client:500:9)
    at TLSSocket.emit (node:events:519:28)
    at emitErrorNT (node:internal/streams/destroy:169:8)
    at emitErrorCloseNT (node:internal/streams/destroy:128:3)
    at process.processTicksAndRejections (node:internal/process/task_queues:82:21)

[2025-04-29T16:23:33.903Z] [fetchFromNotion] ERROR: request to https://api.notion.com/v1/databases/1e1ce875399e80eda452cd1fa6d7bd16/query failed, reason: getaddrinfo EAI_AGAIN api.notion.com
FetchError: request to https://api.notion.com/v1/databases/1e1ce875399e80eda452cd1fa6d7bd16/query failed, reason: getaddrinfo EAI_AGAIN api.notion.com
    at ClientRequest.<anonymous> (/home/imran/dev_imran/portfolio-website/.next/server/chunks/ssr/node_modules_f51be90b._.js:3803:20)
    at ClientRequest.emit (node:events:519:28)
    at TLSSocket.socketErrorListener (node:_http_client:500:9)
    at TLSSocket.emit (node:events:519:28)
    at emitErrorNT (node:internal/streams/destroy:169:8)
    at emitErrorCloseNT (node:internal/streams/destroy:128:3)
    at process.processTicksAndRejections (node:internal/process/task_queues:82:21)

[2025-04-29T16:23:43.913Z] [fetchFromNotion] ERROR: request to https://api.notion.com/v1/databases/1e1ce875399e8021852beb6b048c3f5f/query failed, reason: getaddrinfo EAI_AGAIN api.notion.com
FetchError: request to https://api.notion.com/v1/databases/1e1ce875399e8021852beb6b048c3f5f/query failed, reason: getaddrinfo EAI_AGAIN api.notion.com
    at ClientRequest.<anonymous> (/home/imran/dev_imran/portfolio-website/.next/server/chunks/ssr/node_modules_f51be90b._.js:3803:20)
    at ClientRequest.emit (node:events:519:28)
    at TLSSocket.socketErrorListener (node:_http_client:500:9)
    at TLSSocket.emit (node:events:519:28)
    at emitErrorNT (node:internal/streams/destroy:169:8)
    at emitErrorCloseNT (node:internal/streams/destroy:128:3)
    at process.processTicksAndRejections (node:internal/process/task_queues:82:21)

[2025-04-29T16:24:18.651Z] [fetchFromNotion] ERROR: request to https://api.notion.com/v1/databases/1e1ce875399e80838de9ccfd61b0da1c/query failed, reason: getaddrinfo EAI_AGAIN api.notion.com
FetchError: request to https://api.notion.com/v1/databases/1e1ce875399e80838de9ccfd61b0da1c/query failed, reason: getaddrinfo EAI_AGAIN api.notion.com
    at ClientRequest.<anonymous> (/home/imran/dev_imran/portfolio-website/.next/server/chunks/ssr/node_modules_f51be90b._.js:3803:20)
    at ClientRequest.emit (node:events:519:28)
    at TLSSocket.socketErrorListener (node:_http_client:500:9)
    at TLSSocket.emit (node:events:519:28)
    at emitErrorNT (node:internal/streams/destroy:169:8)
    at emitErrorCloseNT (node:internal/streams/destroy:128:3)
    at process.processTicksAndRejections (node:internal/process/task_queues:82:21)

[2025-04-29T16:24:18.668Z] [fetchFromNotion] ERROR: request to https://api.notion.com/v1/databases/1e1ce875399e8019ada8d282a7869a83/query failed, reason: getaddrinfo EAI_AGAIN api.notion.com
FetchError: request to https://api.notion.com/v1/databases/1e1ce875399e8019ada8d282a7869a83/query failed, reason: getaddrinfo EAI_AGAIN api.notion.com
    at ClientRequest.<anonymous> (/home/imran/dev_imran/portfolio-website/.next/server/chunks/ssr/node_modules_f51be90b._.js:3803:20)
    at ClientRequest.emit (node:events:519:28)
    at TLSSocket.socketErrorListener (node:_http_client:500:9)
    at TLSSocket.emit (node:events:519:28)
    at emitErrorNT (node:internal/streams/destroy:169:8)
    at emitErrorCloseNT (node:internal/streams/destroy:128:3)
    at process.processTicksAndRejections (node:internal/process/task_queues:82:21)

[2025-04-29T16:24:28.657Z] [fetchFromNotion] ERROR: request to https://api.notion.com/v1/databases/1e1ce875399e80eda452cd1fa6d7bd16/query failed, reason: getaddrinfo EAI_AGAIN api.notion.com
FetchError: request to https://api.notion.com/v1/databases/1e1ce875399e80eda452cd1fa6d7bd16/query failed, reason: getaddrinfo EAI_AGAIN api.notion.com
    at ClientRequest.<anonymous> (/home/imran/dev_imran/portfolio-website/.next/server/chunks/ssr/node_modules_f51be90b._.js:3803:20)
    at ClientRequest.emit (node:events:519:28)
    at TLSSocket.socketErrorListener (node:_http_client:500:9)
    at TLSSocket.emit (node:events:519:28)
    at emitErrorNT (node:internal/streams/destroy:169:8)
    at emitErrorCloseNT (node:internal/streams/destroy:128:3)
    at process.processTicksAndRejections (node:internal/process/task_queues:82:21)

[2025-04-29T16:24:28.668Z] [fetchFromNotion] ERROR: request to https://api.notion.com/v1/databases/1e1ce875399e80d7a69ada07c1e60470/query failed, reason: getaddrinfo EAI_AGAIN api.notion.com
FetchError: request to https://api.notion.com/v1/databases/1e1ce875399e80d7a69ada07c1e60470/query failed, reason: getaddrinfo EAI_AGAIN api.notion.com
    at ClientRequest.<anonymous> (/home/imran/dev_imran/portfolio-website/.next/server/chunks/ssr/node_modules_f51be90b._.js:3803:20)
    at ClientRequest.emit (node:events:519:28)
    at TLSSocket.socketErrorListener (node:_http_client:500:9)
    at TLSSocket.emit (node:events:519:28)
    at emitErrorNT (node:internal/streams/destroy:169:8)
    at emitErrorCloseNT (node:internal/streams/destroy:128:3)
    at process.processTicksAndRejections (node:internal/process/task_queues:82:21)

[2025-04-29T16:24:38.666Z] [fetchFromNotion] ERROR: request to https://api.notion.com/v1/databases/1e1ce875399e8021852beb6b048c3f5f/query failed, reason: getaddrinfo EAI_AGAIN api.notion.com
FetchError: request to https://api.notion.com/v1/databases/1e1ce875399e8021852beb6b048c3f5f/query failed, reason: getaddrinfo EAI_AGAIN api.notion.com
    at ClientRequest.<anonymous> (/home/imran/dev_imran/portfolio-website/.next/server/chunks/ssr/node_modules_f51be90b._.js:3803:20)
    at ClientRequest.emit (node:events:519:28)
    at TLSSocket.socketErrorListener (node:_http_client:500:9)
    at TLSSocket.emit (node:events:519:28)
    at emitErrorNT (node:internal/streams/destroy:169:8)
    at emitErrorCloseNT (node:internal/streams/destroy:128:3)
    at process.processTicksAndRejections (node:internal/process/task_queues:82:21)

[2025-04-29T16:24:38.680Z] [fetchFromNotion] ERROR: request to https://api.notion.com/v1/databases/1e1ce875399e80838de9ccfd61b0da1c/query failed, reason: getaddrinfo EAI_AGAIN api.notion.com
FetchError: request to https://api.notion.com/v1/databases/1e1ce875399e80838de9ccfd61b0da1c/query failed, reason: getaddrinfo EAI_AGAIN api.notion.com
    at ClientRequest.<anonymous> (/home/imran/dev_imran/portfolio-website/.next/server/chunks/ssr/node_modules_f51be90b._.js:3803:20)
    at ClientRequest.emit (node:events:519:28)
    at TLSSocket.socketErrorListener (node:_http_client:500:9)
    at TLSSocket.emit (node:events:519:28)
    at emitErrorNT (node:internal/streams/destroy:169:8)
    at emitErrorCloseNT (node:internal/streams/destroy:128:3)
    at process.processTicksAndRejections (node:internal/process/task_queues:82:21)

[2025-04-29T16:24:48.673Z] [fetchFromNotion] ERROR: request to https://api.notion.com/v1/databases/1e1ce875399e8019ada8d282a7869a83/query failed, reason: getaddrinfo EAI_AGAIN api.notion.com
FetchError: request to https://api.notion.com/v1/databases/1e1ce875399e8019ada8d282a7869a83/query failed, reason: getaddrinfo EAI_AGAIN api.notion.com
    at ClientRequest.<anonymous> (/home/imran/dev_imran/portfolio-website/.next/server/chunks/ssr/node_modules_f51be90b._.js:3803:20)
    at ClientRequest.emit (node:events:519:28)
    at TLSSocket.socketErrorListener (node:_http_client:500:9)
    at TLSSocket.emit (node:events:519:28)
    at emitErrorNT (node:internal/streams/destroy:169:8)
    at emitErrorCloseNT (node:internal/streams/destroy:128:3)
    at process.processTicksAndRejections (node:internal/process/task_queues:82:21)

[2025-04-29T16:24:48.685Z] [fetchFromNotion] ERROR: request to https://api.notion.com/v1/databases/1e1ce875399e80eda452cd1fa6d7bd16/query failed, reason: getaddrinfo EAI_AGAIN api.notion.com
FetchError: request to https://api.notion.com/v1/databases/1e1ce875399e80eda452cd1fa6d7bd16/query failed, reason: getaddrinfo EAI_AGAIN api.notion.com
    at ClientRequest.<anonymous> (/home/imran/dev_imran/portfolio-website/.next/server/chunks/ssr/node_modules_f51be90b._.js:3803:20)
    at ClientRequest.emit (node:events:519:28)
    at TLSSocket.socketErrorListener (node:_http_client:500:9)
    at TLSSocket.emit (node:events:519:28)
    at emitErrorNT (node:internal/streams/destroy:169:8)
    at emitErrorCloseNT (node:internal/streams/destroy:128:3)
    at process.processTicksAndRejections (node:internal/process/task_queues:82:21)

[2025-04-29T16:24:58.683Z] [fetchFromNotion] ERROR: request to https://api.notion.com/v1/databases/1e1ce875399e80d7a69ada07c1e60470/query failed, reason: getaddrinfo EAI_AGAIN api.notion.com
FetchError: request to https://api.notion.com/v1/databases/1e1ce875399e80d7a69ada07c1e60470/query failed, reason: getaddrinfo EAI_AGAIN api.notion.com
    at ClientRequest.<anonymous> (/home/imran/dev_imran/portfolio-website/.next/server/chunks/ssr/node_modules_f51be90b._.js:3803:20)
    at ClientRequest.emit (node:events:519:28)
    at TLSSocket.socketErrorListener (node:_http_client:500:9)
    at TLSSocket.emit (node:events:519:28)
    at emitErrorNT (node:internal/streams/destroy:169:8)
    at emitErrorCloseNT (node:internal/streams/destroy:128:3)
    at process.processTicksAndRejections (node:internal/process/task_queues:82:21)

[2025-04-29T16:24:58.696Z] [fetchFromNotion] ERROR: request to https://api.notion.com/v1/databases/1e1ce875399e8021852beb6b048c3f5f/query failed, reason: getaddrinfo EAI_AGAIN api.notion.com
FetchError: request to https://api.notion.com/v1/databases/1e1ce875399e8021852beb6b048c3f5f/query failed, reason: getaddrinfo EAI_AGAIN api.notion.com
    at ClientRequest.<anonymous> (/home/imran/dev_imran/portfolio-website/.next/server/chunks/ssr/node_modules_f51be90b._.js:3803:20)
    at ClientRequest.emit (node:events:519:28)
    at TLSSocket.socketErrorListener (node:_http_client:500:9)
    at TLSSocket.emit (node:events:519:28)
    at emitErrorNT (node:internal/streams/destroy:169:8)
    at emitErrorCloseNT (node:internal/streams/destroy:128:3)
    at process.processTicksAndRejections (node:internal/process/task_queues:82:21)

[2025-04-29T16:25:08.694Z] [fetchFromNotion] ERROR: request to https://api.notion.com/v1/databases/1e1ce875399e80838de9ccfd61b0da1c/query failed, reason: getaddrinfo EAI_AGAIN api.notion.com
FetchError: request to https://api.notion.com/v1/databases/1e1ce875399e80838de9ccfd61b0da1c/query failed, reason: getaddrinfo EAI_AGAIN api.notion.com
    at ClientRequest.<anonymous> (/home/imran/dev_imran/portfolio-website/.next/server/chunks/ssr/node_modules_f51be90b._.js:3803:20)
    at ClientRequest.emit (node:events:519:28)
    at TLSSocket.socketErrorListener (node:_http_client:500:9)
    at TLSSocket.emit (node:events:519:28)
    at emitErrorNT (node:internal/streams/destroy:169:8)
    at emitErrorCloseNT (node:internal/streams/destroy:128:3)
    at process.processTicksAndRejections (node:internal/process/task_queues:82:21)

[2025-04-29T16:25:08.707Z] [fetchFromNotion] ERROR: request to https://api.notion.com/v1/databases/1e1ce875399e8019ada8d282a7869a83/query failed, reason: getaddrinfo EAI_AGAIN api.notion.com
FetchError: request to https://api.notion.com/v1/databases/1e1ce875399e8019ada8d282a7869a83/query failed, reason: getaddrinfo EAI_AGAIN api.notion.com
    at ClientRequest.<anonymous> (/home/imran/dev_imran/portfolio-website/.next/server/chunks/ssr/node_modules_f51be90b._.js:3803:20)
    at ClientRequest.emit (node:events:519:28)
    at TLSSocket.socketErrorListener (node:_http_client:500:9)
    at TLSSocket.emit (node:events:519:28)
    at emitErrorNT (node:internal/streams/destroy:169:8)
    at emitErrorCloseNT (node:internal/streams/destroy:128:3)
    at process.processTicksAndRejections (node:internal/process/task_queues:82:21)

[2025-04-29T16:25:18.707Z] [fetchFromNotion] ERROR: request to https://api.notion.com/v1/databases/1e1ce875399e80eda452cd1fa6d7bd16/query failed, reason: getaddrinfo EAI_AGAIN api.notion.com
FetchError: request to https://api.notion.com/v1/databases/1e1ce875399e80eda452cd1fa6d7bd16/query failed, reason: getaddrinfo EAI_AGAIN api.notion.com
    at ClientRequest.<anonymous> (/home/imran/dev_imran/portfolio-website/.next/server/chunks/ssr/node_modules_f51be90b._.js:3803:20)
    at ClientRequest.emit (node:events:519:28)
    at TLSSocket.socketErrorListener (node:_http_client:500:9)
    at TLSSocket.emit (node:events:519:28)
    at emitErrorNT (node:internal/streams/destroy:169:8)
    at emitErrorCloseNT (node:internal/streams/destroy:128:3)
    at process.processTicksAndRejections (node:internal/process/task_queues:82:21)

[2025-04-29T16:25:18.717Z] [fetchFromNotion] ERROR: request to https://api.notion.com/v1/databases/1e1ce875399e80d7a69ada07c1e60470/query failed, reason: getaddrinfo EAI_AGAIN api.notion.com
FetchError: request to https://api.notion.com/v1/databases/1e1ce875399e80d7a69ada07c1e60470/query failed, reason: getaddrinfo EAI_AGAIN api.notion.com
    at ClientRequest.<anonymous> (/home/imran/dev_imran/portfolio-website/.next/server/chunks/ssr/node_modules_f51be90b._.js:3803:20)
    at ClientRequest.emit (node:events:519:28)
    at TLSSocket.socketErrorListener (node:_http_client:500:9)
    at TLSSocket.emit (node:events:519:28)
    at emitErrorNT (node:internal/streams/destroy:169:8)
    at emitErrorCloseNT (node:internal/streams/destroy:128:3)
    at process.processTicksAndRejections (node:internal/process/task_queues:82:21)

[2025-04-29T16:25:28.717Z] [fetchFromNotion] ERROR: request to https://api.notion.com/v1/databases/1e1ce875399e8021852beb6b048c3f5f/query failed, reason: getaddrinfo EAI_AGAIN api.notion.com
FetchError: request to https://api.notion.com/v1/databases/1e1ce875399e8021852beb6b048c3f5f/query failed, reason: getaddrinfo EAI_AGAIN api.notion.com
    at ClientRequest.<anonymous> (/home/imran/dev_imran/portfolio-website/.next/server/chunks/ssr/node_modules_f51be90b._.js:3803:20)
    at ClientRequest.emit (node:events:519:28)
    at TLSSocket.socketErrorListener (node:_http_client:500:9)
    at TLSSocket.emit (node:events:519:28)
    at emitErrorNT (node:internal/streams/destroy:169:8)
    at emitErrorCloseNT (node:internal/streams/destroy:128:3)
    at process.processTicksAndRejections (node:internal/process/task_queues:82:21)

[2025-04-29T16:25:28.733Z] [fetchFromNotion] ERROR: request to https://api.notion.com/v1/databases/1e1ce875399e80838de9ccfd61b0da1c/query failed, reason: getaddrinfo EAI_AGAIN api.notion.com
FetchError: request to https://api.notion.com/v1/databases/1e1ce875399e80838de9ccfd61b0da1c/query failed, reason: getaddrinfo EAI_AGAIN api.notion.com
    at ClientRequest.<anonymous> (/home/imran/dev_imran/portfolio-website/.next/server/chunks/ssr/node_modules_f51be90b._.js:3803:20)
    at ClientRequest.emit (node:events:519:28)
    at TLSSocket.socketErrorListener (node:_http_client:500:9)
    at TLSSocket.emit (node:events:519:28)
    at emitErrorNT (node:internal/streams/destroy:169:8)
    at emitErrorCloseNT (node:internal/streams/destroy:128:3)
    at process.processTicksAndRejections (node:internal/process/task_queues:82:21)

[2025-04-29T16:25:38.727Z] [fetchFromNotion] ERROR: request to https://api.notion.com/v1/databases/1e1ce875399e8019ada8d282a7869a83/query failed, reason: getaddrinfo EAI_AGAIN api.notion.com
FetchError: request to https://api.notion.com/v1/databases/1e1ce875399e8019ada8d282a7869a83/query failed, reason: getaddrinfo EAI_AGAIN api.notion.com
    at ClientRequest.<anonymous> (/home/imran/dev_imran/portfolio-website/.next/server/chunks/ssr/node_modules_f51be90b._.js:3803:20)
    at ClientRequest.emit (node:events:519:28)
    at TLSSocket.socketErrorListener (node:_http_client:500:9)
    at TLSSocket.emit (node:events:519:28)
    at emitErrorNT (node:internal/streams/destroy:169:8)
    at emitErrorCloseNT (node:internal/streams/destroy:128:3)
    at process.processTicksAndRejections (node:internal/process/task_queues:82:21)

[2025-04-29T16:25:38.739Z] [fetchFromNotion] ERROR: request to https://api.notion.com/v1/databases/1e1ce875399e80eda452cd1fa6d7bd16/query failed, reason: getaddrinfo EAI_AGAIN api.notion.com
FetchError: request to https://api.notion.com/v1/databases/1e1ce875399e80eda452cd1fa6d7bd16/query failed, reason: getaddrinfo EAI_AGAIN api.notion.com
    at ClientRequest.<anonymous> (/home/imran/dev_imran/portfolio-website/.next/server/chunks/ssr/node_modules_f51be90b._.js:3803:20)
    at ClientRequest.emit (node:events:519:28)
    at TLSSocket.socketErrorListener (node:_http_client:500:9)
    at TLSSocket.emit (node:events:519:28)
    at emitErrorNT (node:internal/streams/destroy:169:8)
    at emitErrorCloseNT (node:internal/streams/destroy:128:3)
    at process.processTicksAndRejections (node:internal/process/task_queues:82:21)

[2025-04-29T16:25:48.738Z] [fetchFromNotion] ERROR: request to https://api.notion.com/v1/databases/1e1ce875399e80d7a69ada07c1e60470/query failed, reason: getaddrinfo EAI_AGAIN api.notion.com
FetchError: request to https://api.notion.com/v1/databases/1e1ce875399e80d7a69ada07c1e60470/query failed, reason: getaddrinfo EAI_AGAIN api.notion.com
    at ClientRequest.<anonymous> (/home/imran/dev_imran/portfolio-website/.next/server/chunks/ssr/node_modules_f51be90b._.js:3803:20)
    at ClientRequest.emit (node:events:519:28)
    at TLSSocket.socketErrorListener (node:_http_client:500:9)
    at TLSSocket.emit (node:events:519:28)
    at emitErrorNT (node:internal/streams/destroy:169:8)
    at emitErrorCloseNT (node:internal/streams/destroy:128:3)
    at process.processTicksAndRejections (node:internal/process/task_queues:82:21)

[2025-04-29T16:25:48.749Z] [fetchFromNotion] ERROR: request to https://api.notion.com/v1/databases/1e1ce875399e8021852beb6b048c3f5f/query failed, reason: getaddrinfo EAI_AGAIN api.notion.com
FetchError: request to https://api.notion.com/v1/databases/1e1ce875399e8021852beb6b048c3f5f/query failed, reason: getaddrinfo EAI_AGAIN api.notion.com
    at ClientRequest.<anonymous> (/home/imran/dev_imran/portfolio-website/.next/server/chunks/ssr/node_modules_f51be90b._.js:3803:20)
    at ClientRequest.emit (node:events:519:28)
    at TLSSocket.socketErrorListener (node:_http_client:500:9)
    at TLSSocket.emit (node:events:519:28)
    at emitErrorNT (node:internal/streams/destroy:169:8)
    at emitErrorCloseNT (node:internal/streams/destroy:128:3)
    at process.processTicksAndRejections (node:internal/process/task_queues:82:21)

[2025-04-29T16:46:51.995Z] [fetchFromNotion] ERROR: request to https://api.notion.com/v1/databases/1e1ce875399e8066880dc52ba142507f/query failed, reason: getaddrinfo EAI_AGAIN api.notion.com
FetchError: request to https://api.notion.com/v1/databases/1e1ce875399e8066880dc52ba142507f/query failed, reason: getaddrinfo EAI_AGAIN api.notion.com
    at ClientRequest.<anonymous> (/home/imran/dev_imran/portfolio-website/.next/server/chunks/ssr/node_modules_f51be90b._.js:3803:20)
    at ClientRequest.emit (node:events:519:28)
    at TLSSocket.socketErrorListener (node:_http_client:500:9)
    at TLSSocket.emit (node:events:519:28)
    at emitErrorNT (node:internal/streams/destroy:169:8)
    at emitErrorCloseNT (node:internal/streams/destroy:128:3)
    at process.processTicksAndRejections (node:internal/process/task_queues:82:21)

[2025-04-29T16:46:52.106Z] [fetchFromNotion] ERROR: request to https://api.notion.com/v1/databases/1e1ce875399e8066880dc52ba142507f/query failed, reason: getaddrinfo EAI_AGAIN api.notion.com
FetchError: request to https://api.notion.com/v1/databases/1e1ce875399e8066880dc52ba142507f/query failed, reason: getaddrinfo EAI_AGAIN api.notion.com
    at ClientRequest.<anonymous> (/home/imran/dev_imran/portfolio-website/.next/server/chunks/ssr/node_modules_f51be90b._.js:3803:20)
    at ClientRequest.emit (node:events:519:28)
    at TLSSocket.socketErrorListener (node:_http_client:500:9)
    at TLSSocket.emit (node:events:519:28)
    at emitErrorNT (node:internal/streams/destroy:169:8)
    at emitErrorCloseNT (node:internal/streams/destroy:128:3)
    at process.processTicksAndRejections (node:internal/process/task_queues:82:21)

[2025-04-29T16:47:07.521Z] [fetchFromNotion] ERROR: request to https://api.notion.com/v1/databases/1e1ce875399e8066880dc52ba142507f/query failed, reason: getaddrinfo EAI_AGAIN api.notion.com
FetchError: request to https://api.notion.com/v1/databases/1e1ce875399e8066880dc52ba142507f/query failed, reason: getaddrinfo EAI_AGAIN api.notion.com
    at ClientRequest.<anonymous> (/home/imran/dev_imran/portfolio-website/.next/server/chunks/ssr/node_modules_f51be90b._.js:3803:20)
    at ClientRequest.emit (node:events:519:28)
    at TLSSocket.socketErrorListener (node:_http_client:500:9)
    at TLSSocket.emit (node:events:519:28)
    at emitErrorNT (node:internal/streams/destroy:169:8)
    at emitErrorCloseNT (node:internal/streams/destroy:128:3)
    at process.processTicksAndRejections (node:internal/process/task_queues:82:21)

[2025-04-29T16:47:26.321Z] [fetchFromNotion] ERROR: request to https://api.notion.com/v1/databases/1e1ce875399e80428b64e6a4b389f38d/query failed, reason: getaddrinfo EAI_AGAIN api.notion.com
FetchError: request to https://api.notion.com/v1/databases/1e1ce875399e80428b64e6a4b389f38d/query failed, reason: getaddrinfo EAI_AGAIN api.notion.com
    at ClientRequest.<anonymous> (/home/imran/dev_imran/portfolio-website/.next/server/chunks/ssr/node_modules_f51be90b._.js:3803:20)
    at ClientRequest.emit (node:events:519:28)
    at TLSSocket.socketErrorListener (node:_http_client:500:9)
    at TLSSocket.emit (node:events:519:28)
    at emitErrorNT (node:internal/streams/destroy:169:8)
    at emitErrorCloseNT (node:internal/streams/destroy:128:3)
    at process.processTicksAndRejections (node:internal/process/task_queues:82:21)

[2025-04-29T16:57:37.663Z] [fetchFromNotion] ERROR: request to https://api.notion.com/v1/databases/1e1ce875399e8066880dc52ba142507f/query failed, reason: getaddrinfo EAI_AGAIN api.notion.com
FetchError: request to https://api.notion.com/v1/databases/1e1ce875399e8066880dc52ba142507f/query failed, reason: getaddrinfo EAI_AGAIN api.notion.com
    at ClientRequest.<anonymous> (/home/imran/dev_imran/portfolio-website/.next/server/chunks/ssr/node_modules_f51be90b._.js:3803:20)
    at ClientRequest.emit (node:events:519:28)
    at TLSSocket.socketErrorListener (node:_http_client:500:9)
    at TLSSocket.emit (node:events:519:28)
    at emitErrorNT (node:internal/streams/destroy:169:8)
    at emitErrorCloseNT (node:internal/streams/destroy:128:3)
    at process.processTicksAndRejections (node:internal/process/task_queues:82:21)

[2025-04-29T17:14:06.030Z] [fetchFromNotion] ERROR: request to https://api.notion.com/v1/databases/1e1ce875399e8066880dc52ba142507f/query failed, reason: 
FetchError: request to https://api.notion.com/v1/databases/1e1ce875399e8066880dc52ba142507f/query failed, reason: 
    at ClientRequest.<anonymous> (/home/imran/dev_imran/portfolio-website/.next/server/chunks/ssr/node_modules_ce717917._.js:3803:20)
    at ClientRequest.emit (node:events:519:28)
    at TLSSocket.socketErrorListener (node:_http_client:500:9)
    at TLSSocket.emit (node:events:519:28)
    at emitErrorNT (node:internal/streams/destroy:169:8)
    at emitErrorCloseNT (node:internal/streams/destroy:128:3)
    at process.processTicksAndRejections (node:internal/process/task_queues:82:21)

[2025-04-29T17:36:17.345Z] [fetchLocalData] ERROR: ENOENT: no such file or directory, open '/home/imran/dev_imran/portfolio-website/data/certifications.json'
Error: ENOENT: no such file or directory, open '/home/imran/dev_imran/portfolio-website/data/certifications.json'
    at Object.readFileSync (node:fs:455:20)
    at fetchLocalData (/home/imran/dev_imran/portfolio-website/.next/server/chunks/ssr/[root-of-the-server]__73f424da._.js:157:134)
    at fetchAndProcessNotion (/home/imran/dev_imran/portfolio-website/.next/server/chunks/ssr/[root-of-the-server]__73f424da._.js:266:173)
    at process.processTicksAndRejections (node:internal/process/task_queues:95:5)
    at async CertificationsSection (/home/imran/dev_imran/portfolio-website/.next/server/chunks/ssr/[root-of-the-server]__73f424da._.js:412:28)

